<?xml version="1.0" encoding="UTF-8"?>
<!-- Generated by org.testng.reporters.JUnitReportReporter -->
<testsuite hostname="HarshadaM" failures="0" tests="4" name="test.calculators_net.Arithmetic" time="9.236" errors="0" timestamp="2026-05-21T23:31:17 IST" skipped="0">
  <testcase classname="test.calculators_net.Arithmetic" name="add" time="2.255"/>
  <testcase classname="test.calculators_net.Arithmetic" name="sub" time="2.311"/>
  <testcase classname="test.calculators_net.Arithmetic" name="mult" time="2.339"/>
  <testcase classname="test.calculators_net.Arithmetic" name="div" time="2.331"/>
</testsuite> <!-- test.calculators_net.Arithmetic -->
