<?xml version="1.0" encoding="UTF-8"?>
<!-- Generated by org.testng.reporters.JUnitReportReporter -->
<testsuite hostname="HarshadaM" failures="0" tests="3" name="test.calculators_net.Triganometric" time="6.607" errors="0" timestamp="2026-05-21T23:31:17 IST" skipped="0">
  <testcase classname="test.calculators_net.Triganometric" name="sin" time="2.204"/>
  <testcase classname="test.calculators_net.Triganometric" name="cos" time="2.189"/>
  <testcase classname="test.calculators_net.Triganometric" name="tan" time="2.214"/>
</testsuite> <!-- test.calculators_net.Triganometric -->
