<?xml version="1.0" encoding="UTF-8"?>
<!-- Generated by org.testng.reporters.JUnitXMLReporter -->
<testsuite ignored="3" hostname="HarshadaM" failures="0" tests="8" name="Test" time="31.027" errors="0" timestamp="2026-05-21T23:31:17 IST">
  <testcase classname="test.calculators_net.Arithmetic" name="add" time="2.255"/>
  <testcase classname="test.calculators_net.Arithmetic" name="sub" time="2.311"/>
  <testcase classname="test.calculators_net.Arithmetic" name="mult" time="2.339"/>
  <testcase classname="test.calculators_net.Arithmetic" name="div" time="2.331"/>
  <testcase classname="test.calculators_net.Triganometric" name="sin" time="2.204"/>
  <testcase classname="test.calculators_net.Triganometric" name="cos" time="2.189"/>
  <testcase classname="test.calculators_net.Triganometric" name="tan" time="2.214"/>
  <testcase classname="test.calculators_net.footer" name="links" time="13.122"/>
  <testcase classname="test.calculators_net.Setup" name="@BeforeTest launch" time="0.0">
    <ignored/>
  </testcase> <!-- @BeforeTest launch -->
  <testcase classname="test.calculators_net.Setup" name="@BeforeTest launch" time="0.0">
    <ignored/>
  </testcase> <!-- @BeforeTest launch -->
  <testcase classname="test.calculators_net.Setup" name="@BeforeTest launch" time="0.0">
    <ignored/>
  </testcase> <!-- @BeforeTest launch -->
</testsuite> <!-- Test -->
